Using pre-set license
Built from '2020.2/release' branch; Version is '2020.2.0f1 (3721df5a8b28) revision 3613151'; Using compiler version '192528614'; Build Type 'Release'
OS: 'Windows 10  (10.0.0) 64bit' Language: 'tr' Physical Memory: 16268 MB
BatchMode: 1, IsHumanControllingUs: 0, StartBugReporterOnCrash: 0, Is64bit: 1, IsPro: 0

 COMMAND LINE ARGUMENTS:
C:\Program Files\Unity\Hub\Editor\2020.2.0f1\Editor\Unity.exe
-adb2
-batchMode
-noUpm
-name
AssetImportWorker1
-projectPath
D:/VirusShooter/VirusShooter/VirusShooter
-logFile
Logs/AssetImportWorker1.log
-srvPort
62366
Successfully changed project path to: D:/VirusShooter/VirusShooter/VirusShooter
D:/VirusShooter/VirusShooter/VirusShooter
Using Asset Import Pipeline V2.
Refreshing native plugins compatible for Editor in 46.21 ms, found 1 plugins.
Preloading 0 native plugins for Editor in 0.00 ms.
Initialize engine version: 2020.2.0f1 (3721df5a8b28)
[Subsystems] Discovering subsystems at path C:/Program Files/Unity/Hub/Editor/2020.2.0f1/Editor/Data/Resources/UnitySubsystems
[Subsystems] Discovering subsystems at path D:/VirusShooter/VirusShooter/VirusShooter/Assets
GfxDevice: creating device client; threaded=0
Direct3D:
    Version:  Direct3D 11.0 [level 11.1]
    Renderer: NVIDIA GeForce GTX 1050 Ti (ID=0x1c8c)
    Vendor:   
    VRAM:     4021 MB
    Driver:   26.21.14.4219
Initialize mono
Mono path[0] = 'C:/Program Files/Unity/Hub/Editor/2020.2.0f1/Editor/Data/Managed'
Mono path[1] = 'C:/Program Files/Unity/Hub/Editor/2020.2.0f1/Editor/Data/MonoBleedingEdge/lib/mono/unityjit'
Mono config path = 'C:/Program Files/Unity/Hub/Editor/2020.2.0f1/Editor/Data/MonoBleedingEdge/etc'
Using monoOptions --debugger-agent=transport=dt_socket,embedding=1,server=y,suspend=n,address=127.0.0.1:56304
Begin MonoManager ReloadAssembly
Registering precompiled unity dll's ...
Register platform support module: C:/Program Files/Unity/Hub/Editor/2020.2.0f1/Editor/Data/PlaybackEngines/WindowsStandaloneSupport/UnityEditor.WindowsStandalone.Extensions.dll
Registered in 0.002406 seconds.
Native extension for WindowsStandalone target not found
Refreshing native plugins compatible for Editor in 49.62 ms, found 1 plugins.
Preloading 0 native plugins for Editor in 0.00 ms.
Invoked RoslynAnalysisRunner static constructor.
RoslynAnalysisRunner will not be running.
RoslynAnalysisRunner has terminated.
Mono: successfully reloaded assembly
- Completed reload, in  1.564 seconds
Platform modules already initialized, skipping
Registering precompiled user dll's ...
Registered in 0.004398 seconds.
Begin MonoManager ReloadAssembly
Native extension for WindowsStandalone target not found
Refreshing native plugins compatible for Editor in 44.16 ms, found 1 plugins.
Preloading 0 native plugins for Editor in 0.00 ms.
Invoked RoslynAnalysisRunner static constructor.
RoslynAnalysisRunner will not be running.
RoslynAnalysisRunner has terminated.
Mono: successfully reloaded assembly
- Completed reload, in  1.160 seconds
Platform modules already initialized, skipping
========================================================================
Worker process is ready to serve import requests
Launched and connected shader compiler UnityShaderCompiler.exe after 0.04 seconds
Refreshing native plugins compatible for Editor in 0.90 ms, found 1 plugins.
Preloading 0 native plugins for Editor in 0.00 ms.
Unloading 1815 Unused Serialized files (Serialized files now loaded: 0)
System memory in use before: 85.5 MB.
System memory in use after: 85.5 MB.

Unloading 30 unused Assets to reduce memory usage. Loaded Objects now: 2266.
Total: 3.003000 ms (FindLiveObjects: 0.408100 ms CreateObjectMapping: 0.251600 ms MarkObjects: 2.193200 ms  DeleteObjects: 0.134500 ms)

========================================================================
Received Import Request.
  path: Assets/Sprites/Flash.shader
  artifactKey: Guid(cd7119807f39817429383bfdacc87de2) Importer(815301076,1909f56bfc062723c751e8b465ee728b)
Start importing Assets/Sprites/Flash.shader using Guid(cd7119807f39817429383bfdacc87de2) Importer(815301076,1909f56bfc062723c751e8b465ee728b)  -> (artifact id: 'cecc9a232658e1d51b7686eca72ed83d') in 0.049249 seconds
  Import took 0.053537 seconds .

========================================================================
Received Import Request.
  Time since last request: 250.790361 seconds.
  path: Assets/Sprites/Flash.shader
  artifactKey: Guid(cd7119807f39817429383bfdacc87de2) Importer(815301076,1909f56bfc062723c751e8b465ee728b)
Start importing Assets/Sprites/Flash.shader using Guid(cd7119807f39817429383bfdacc87de2) Importer(815301076,1909f56bfc062723c751e8b465ee728b)  -> (artifact id: 'a8592f5f805c4918333aa1de583b07fc') in 0.004849 seconds
  Import took 0.009407 seconds .

========================================================================
Received Import Request.
  Time since last request: 5.714168 seconds.
  path: Assets/Resources
  artifactKey: Guid(ed9357609e0dd7242b18af254d3dbe3c) Importer(815301076,1909f56bfc062723c751e8b465ee728b)
Start importing Assets/Resources using Guid(ed9357609e0dd7242b18af254d3dbe3c) Importer(815301076,1909f56bfc062723c751e8b465ee728b)  -> (artifact id: '50043eb83b6d46719c09d822327ce7fe') in 0.003468 seconds
  Import took 0.007525 seconds .

========================================================================
Received Import Request.
  Time since last request: 0.081058 seconds.
  path: Assets/Resources/DOTweenSettings.asset
  artifactKey: Guid(df74925e3de7bec4796253c97672fcd8) Importer(815301076,1909f56bfc062723c751e8b465ee728b)
Start importing Assets/Resources/DOTweenSettings.asset using Guid(df74925e3de7bec4796253c97672fcd8) Importer(815301076,1909f56bfc062723c751e8b465ee728b)  -> (artifact id: '07c2bea2f880bb25a9177dee980a8fd3') in 0.009066 seconds
  Import took 0.013603 seconds .

========================================================================
Received Import Request.
  Time since last request: 17.092666 seconds.
  path: Assets/Shaders-Materials
  artifactKey: Guid(321ae9edf0923ba44988cd26a70d573c) Importer(815301076,1909f56bfc062723c751e8b465ee728b)
Start importing Assets/Shaders-Materials using Guid(321ae9edf0923ba44988cd26a70d573c) Importer(815301076,1909f56bfc062723c751e8b465ee728b)  -> (artifact id: '2fef9cd1d5a762246c0c5a02ff35a99e') in 0.003794 seconds
  Import took 0.009222 seconds .

========================================================================
Received Import Request.
  Time since last request: 16.031010 seconds.
  path: Assets/Shaders-Materials/New Material.mat
  artifactKey: Guid(da2d26ad35f5caf4ba9ff28c7aae2444) Importer(815301076,1909f56bfc062723c751e8b465ee728b)
Start importing Assets/Shaders-Materials/New Material.mat using Guid(da2d26ad35f5caf4ba9ff28c7aae2444) Importer(815301076,1909f56bfc062723c751e8b465ee728b)  -> (artifact id: 'd361242774abbba079a66344a73c5ba6') in 0.135655 seconds
  Import took 0.144545 seconds .

========================================================================
Received Prepare
Registering precompiled user dll's ...
Registered in 0.004106 seconds.
Begin MonoManager ReloadAssembly
Native extension for WindowsStandalone target not found
Refreshing native plugins compatible for Editor in 0.38 ms, found 1 plugins.
Preloading 0 native plugins for Editor in 0.00 ms.
Invoked RoslynAnalysisRunner static constructor.
RoslynAnalysisRunner will not be running.
RoslynAnalysisRunner has terminated.
Mono: successfully reloaded assembly
- Completed reload, in  1.027 seconds
Platform modules already initialized, skipping
Refreshing native plugins compatible for Editor in 0.80 ms, found 1 plugins.
Preloading 0 native plugins for Editor in 0.00 ms.
Unloading 1810 Unused Serialized files (Serialized files now loaded: 0)
System memory in use before: 89.3 MB.
System memory in use after: 89.3 MB.

Unloading 19 unused Assets to reduce memory usage. Loaded Objects now: 2310.
Total: 2.441100 ms (FindLiveObjects: 0.302400 ms CreateObjectMapping: 0.144700 ms MarkObjects: 1.866200 ms  DeleteObjects: 0.126000 ms)

========================================================================
Received Prepare
Registering precompiled user dll's ...
Registered in 0.004079 seconds.
Begin MonoManager ReloadAssembly
Native extension for WindowsStandalone target not found
Refreshing native plugins compatible for Editor in 0.64 ms, found 1 plugins.
Preloading 0 native plugins for Editor in 0.00 ms.
Invoked RoslynAnalysisRunner static constructor.
RoslynAnalysisRunner will not be running.
RoslynAnalysisRunner has terminated.
Mono: successfully reloaded assembly
- Completed reload, in  1.112 seconds
Platform modules already initialized, skipping
Refreshing native plugins compatible for Editor in 0.40 ms, found 1 plugins.
Preloading 0 native plugins for Editor in 0.00 ms.
Unloading 1810 Unused Serialized files (Serialized files now loaded: 0)
System memory in use before: 89.5 MB.
System memory in use after: 89.5 MB.

Unloading 19 unused Assets to reduce memory usage. Loaded Objects now: 2313.
Total: 3.177400 ms (FindLiveObjects: 0.303500 ms CreateObjectMapping: 0.137900 ms MarkObjects: 2.541400 ms  DeleteObjects: 0.192600 ms)

========================================================================
Received Prepare
Registering precompiled user dll's ...
Registered in 0.005413 seconds.
Begin MonoManager ReloadAssembly
Native extension for WindowsStandalone target not found
Refreshing native plugins compatible for Editor in 0.58 ms, found 1 plugins.
Preloading 0 native plugins for Editor in 0.00 ms.
Invoked RoslynAnalysisRunner static constructor.
RoslynAnalysisRunner will not be running.
RoslynAnalysisRunner has terminated.
Mono: successfully reloaded assembly
- Completed reload, in  1.092 seconds
Platform modules already initialized, skipping
Refreshing native plugins compatible for Editor in 0.43 ms, found 1 plugins.
Preloading 0 native plugins for Editor in 0.00 ms.
Unloading 1810 Unused Serialized files (Serialized files now loaded: 0)
System memory in use before: 89.6 MB.
System memory in use after: 89.6 MB.

Unloading 19 unused Assets to reduce memory usage. Loaded Objects now: 2316.
Total: 2.388300 ms (FindLiveObjects: 0.317800 ms CreateObjectMapping: 0.119200 ms MarkObjects: 1.836900 ms  DeleteObjects: 0.113000 ms)

========================================================================
Received Prepare
Registering precompiled user dll's ...
Registered in 0.005952 seconds.
Begin MonoManager ReloadAssembly
Native extension for WindowsStandalone target not found
Refreshing native plugins compatible for Editor in 0.51 ms, found 1 plugins.
Preloading 0 native plugins for Editor in 0.00 ms.
Invoked RoslynAnalysisRunner static constructor.
RoslynAnalysisRunner will not be running.
RoslynAnalysisRunner has terminated.
Mono: successfully reloaded assembly
- Completed reload, in  1.210 seconds
Platform modules already initialized, skipping
Refreshing native plugins compatible for Editor in 0.49 ms, found 1 plugins.
Preloading 0 native plugins for Editor in 0.00 ms.
Unloading 1810 Unused Serialized files (Serialized files now loaded: 0)
System memory in use before: 89.8 MB.
System memory in use after: 89.8 MB.

Unloading 19 unused Assets to reduce memory usage. Loaded Objects now: 2319.
Total: 2.405800 ms (FindLiveObjects: 0.199200 ms CreateObjectMapping: 0.064600 ms MarkObjects: 1.964800 ms  DeleteObjects: 0.175800 ms)

========================================================================
Received Prepare
Registering precompiled user dll's ...
Registered in 0.004160 seconds.
Begin MonoManager ReloadAssembly
Native extension for WindowsStandalone target not found
Refreshing native plugins compatible for Editor in 0.41 ms, found 1 plugins.
Preloading 0 native plugins for Editor in 0.00 ms.
Invoked RoslynAnalysisRunner static constructor.
RoslynAnalysisRunner will not be running.
RoslynAnalysisRunner has terminated.
Mono: successfully reloaded assembly
- Completed reload, in  1.142 seconds
Platform modules already initialized, skipping
Refreshing native plugins compatible for Editor in 0.39 ms, found 1 plugins.
Preloading 0 native plugins for Editor in 0.00 ms.
Unloading 1810 Unused Serialized files (Serialized files now loaded: 0)
System memory in use before: 89.9 MB.
System memory in use after: 89.9 MB.

Unloading 19 unused Assets to reduce memory usage. Loaded Objects now: 2322.
Total: 2.889000 ms (FindLiveObjects: 0.378300 ms CreateObjectMapping: 0.113900 ms MarkObjects: 2.250300 ms  DeleteObjects: 0.144600 ms)

========================================================================
Received Prepare
Registering precompiled user dll's ...
Registered in 0.004363 seconds.
Begin MonoManager ReloadAssembly
Native extension for WindowsStandalone target not found
Refreshing native plugins compatible for Editor in 0.47 ms, found 1 plugins.
Preloading 0 native plugins for Editor in 0.00 ms.
Invoked RoslynAnalysisRunner static constructor.
RoslynAnalysisRunner will not be running.
RoslynAnalysisRunner has terminated.
Mono: successfully reloaded assembly
- Completed reload, in  1.019 seconds
Platform modules already initialized, skipping
Refreshing native plugins compatible for Editor in 0.55 ms, found 1 plugins.
Preloading 0 native plugins for Editor in 0.00 ms.
Unloading 1810 Unused Serialized files (Serialized files now loaded: 0)
System memory in use before: 90.1 MB.
System memory in use after: 90.1 MB.

Unloading 19 unused Assets to reduce memory usage. Loaded Objects now: 2325.
Total: 2.935200 ms (FindLiveObjects: 0.199800 ms CreateObjectMapping: 0.102800 ms MarkObjects: 2.501700 ms  DeleteObjects: 0.128900 ms)

========================================================================
Received Prepare
Registering precompiled user dll's ...
Registered in 0.004503 seconds.
Begin MonoManager ReloadAssembly
Native extension for WindowsStandalone target not found
Refreshing native plugins compatible for Editor in 0.39 ms, found 1 plugins.
Preloading 0 native plugins for Editor in 0.00 ms.
Invoked RoslynAnalysisRunner static constructor.
RoslynAnalysisRunner will not be running.
RoslynAnalysisRunner has terminated.
Mono: successfully reloaded assembly
- Completed reload, in  1.093 seconds
Platform modules already initialized, skipping
Refreshing native plugins compatible for Editor in 0.44 ms, found 1 plugins.
Preloading 0 native plugins for Editor in 0.00 ms.
Unloading 1810 Unused Serialized files (Serialized files now loaded: 0)
System memory in use before: 90.1 MB.
System memory in use after: 90.1 MB.

Unloading 19 unused Assets to reduce memory usage. Loaded Objects now: 2328.
Total: 2.285100 ms (FindLiveObjects: 0.352500 ms CreateObjectMapping: 0.067700 ms MarkObjects: 1.736200 ms  DeleteObjects: 0.126700 ms)

========================================================================
Received Prepare
Registering precompiled user dll's ...
Registered in 0.005724 seconds.
Begin MonoManager ReloadAssembly
Native extension for WindowsStandalone target not found
Refreshing native plugins compatible for Editor in 0.51 ms, found 1 plugins.
Preloading 0 native plugins for Editor in 0.00 ms.
Invoked RoslynAnalysisRunner static constructor.
RoslynAnalysisRunner will not be running.
RoslynAnalysisRunner has terminated.
Mono: successfully reloaded assembly
- Completed reload, in  1.064 seconds
Platform modules already initialized, skipping
Refreshing native plugins compatible for Editor in 0.47 ms, found 1 plugins.
Preloading 0 native plugins for Editor in 0.00 ms.
Unloading 1810 Unused Serialized files (Serialized files now loaded: 0)
System memory in use before: 90.4 MB.
System memory in use after: 90.4 MB.

Unloading 19 unused Assets to reduce memory usage. Loaded Objects now: 2331.
Total: 2.708500 ms (FindLiveObjects: 0.232100 ms CreateObjectMapping: 0.105500 ms MarkObjects: 2.228600 ms  DeleteObjects: 0.140400 ms)

========================================================================
Received Prepare
Registering precompiled user dll's ...
Registered in 0.004224 seconds.
Begin MonoManager ReloadAssembly
Native extension for WindowsStandalone target not found
Refreshing native plugins compatible for Editor in 0.46 ms, found 1 plugins.
Preloading 0 native plugins for Editor in 0.00 ms.
Invoked RoslynAnalysisRunner static constructor.
RoslynAnalysisRunner will not be running.
RoslynAnalysisRunner has terminated.
Mono: successfully reloaded assembly
- Completed reload, in  1.124 seconds
Platform modules already initialized, skipping
Refreshing native plugins compatible for Editor in 0.47 ms, found 1 plugins.
Preloading 0 native plugins for Editor in 0.00 ms.
Unloading 1810 Unused Serialized files (Serialized files now loaded: 0)
System memory in use before: 90.5 MB.
System memory in use after: 90.5 MB.

Unloading 19 unused Assets to reduce memory usage. Loaded Objects now: 2334.
Total: 2.556600 ms (FindLiveObjects: 0.356200 ms CreateObjectMapping: 0.112800 ms MarkObjects: 1.939900 ms  DeleteObjects: 0.145700 ms)

========================================================================
Received Prepare
Registering precompiled user dll's ...
Registered in 0.004045 seconds.
Begin MonoManager ReloadAssembly
Native extension for WindowsStandalone target not found
Refreshing native plugins compatible for Editor in 0.50 ms, found 1 plugins.
Preloading 0 native plugins for Editor in 0.00 ms.
Invoked RoslynAnalysisRunner static constructor.
RoslynAnalysisRunner will not be running.
RoslynAnalysisRunner has terminated.
Mono: successfully reloaded assembly
- Completed reload, in  1.120 seconds
Platform modules already initialized, skipping
Refreshing native plugins compatible for Editor in 0.43 ms, found 1 plugins.
Preloading 0 native plugins for Editor in 0.00 ms.
Unloading 1810 Unused Serialized files (Serialized files now loaded: 0)
System memory in use before: 90.7 MB.
System memory in use after: 90.7 MB.

Unloading 19 unused Assets to reduce memory usage. Loaded Objects now: 2337.
Total: 2.365500 ms (FindLiveObjects: 0.250600 ms CreateObjectMapping: 0.103200 ms MarkObjects: 1.857200 ms  DeleteObjects: 0.152900 ms)

========================================================================
Received Import Request.
  Time since last request: 1271.289841 seconds.
  path: Assets/Shaders-Materials/New Material.mat
  artifactKey: Guid(da2d26ad35f5caf4ba9ff28c7aae2444) Importer(815301076,1909f56bfc062723c751e8b465ee728b)
Start importing Assets/Shaders-Materials/New Material.mat using Guid(da2d26ad35f5caf4ba9ff28c7aae2444) Importer(815301076,1909f56bfc062723c751e8b465ee728b)  -> (artifact id: 'f1824419596b8af5a04989e1db874918') in 0.298205 seconds
  Import took 0.301475 seconds .

AssetImportWorkerClient::OnTransportError - code=2 error=End of file
